"../../../Engine/Content/EditorResources/S_Actor.ubulk" 0
"../../../Engine/Content/EditorResources/S_Actor.uasset" 1
"../../../Engine/Content/EditorResources/S_Actor.uexp" 2
"../../../Engine/Content/EditorResources/S_BoxReflectionCapture.uasset" 3
"../../../Engine/Content/EditorResources/S_BoxReflectionCapture.uexp" 4
"../../../Engine/Content/EngineResources/DefaultTexture.ubulk" 5
"../../../Engine/Content/EngineResources/DefaultTexture.uasset" 6
"../../../Engine/Content/EngineResources/DefaultTexture.uexp" 7
"../../../Engine/Content/EngineResources/DefaultTextureCube.uasset" 8
"../../../Engine/Content/EngineResources/DefaultTextureCube.uexp" 9
"../../../Engine/Content/EngineResources/DefaultVolumeTexture2D.uasset" 10
"../../../Engine/Content/EngineResources/DefaultVolumeTexture2D.uexp" 11
"../../../Engine/Content/EngineResources/DefaultVolumeTexture.uasset" 12
"../../../Engine/Content/EngineResources/DefaultVolumeTexture.uexp" 13
"../../../Engine/Content/EditorResources/S_Trigger.ubulk" 14
"../../../Engine/Content/EditorResources/S_Trigger.uasset" 15
"../../../Engine/Content/EditorResources/S_Trigger.uexp" 16
"../../../Engine/Content/EditorResources/S_TriggerBox.uasset" 17
"../../../Engine/Content/EditorResources/S_TriggerBox.uexp" 18
"../../../Engine/Content/EditorResources/S_TriggerCapsule.uasset" 19
"../../../Engine/Content/EditorResources/S_TriggerCapsule.uexp" 20
"../../../Engine/Content/EditorResources/S_TriggerSphere.uasset" 21
"../../../Engine/Content/EditorResources/S_TriggerSphere.uexp" 22
"../../../Engine/Content/EngineMeshes/Sphere.ubulk" 23
"../../../Engine/Content/EngineMeshes/Sphere.uasset" 24
"../../../Engine/Content/EngineMeshes/Sphere.uexp" 25
"../../../Engine/Content/EngineResources/GradientTexture0.uasset" 26
"../../../Engine/Content/EngineResources/GradientTexture0.uexp" 27
"../../../Engine/Content/EngineResources/Black.uasset" 28
"../../../Engine/Content/EngineResources/Black.uexp" 29
"../../../Engine/Content/VREditor/LaserPointer/VR_LaserPower_01.ubulk" 30
"../../../Engine/Content/VREditor/LaserPointer/VR_LaserPower_01.uasset" 31
"../../../Engine/Content/VREditor/LaserPointer/VR_LaserPower_01.uexp" 32
"../../../Engine/Content/VREditor/TransformGizmo/TransformGizmoMaterial.uasset" 33
"../../../Engine/Content/VREditor/TransformGizmo/TransformGizmoMaterial.uexp" 34
"../../../Engine/Content/VREditor/TransformGizmo/TranslucentTransformGizmoMaterial.uasset" 35
"../../../Engine/Content/VREditor/TransformGizmo/TranslucentTransformGizmoMaterial.uexp" 36
"../../../Engine/Content/VREditor/TransformGizmo/PlaneTranslationHandle.ubulk" 37
"../../../Engine/Content/VREditor/TransformGizmo/PlaneTranslationHandle.uasset" 38
"../../../Engine/Content/VREditor/TransformGizmo/PlaneTranslationHandle.uexp" 39
"../../../Engine/Content/VREditor/TransformGizmo/BoundingBoxCorner.ubulk" 40
"../../../Engine/Content/VREditor/TransformGizmo/BoundingBoxCorner.uasset" 41
"../../../Engine/Content/VREditor/TransformGizmo/BoundingBoxCorner.uexp" 42
"../../../Engine/Content/VREditor/TransformGizmo/BoundingBoxEdge.ubulk" 43
"../../../Engine/Content/VREditor/TransformGizmo/BoundingBoxEdge.uasset" 44
"../../../Engine/Content/VREditor/TransformGizmo/BoundingBoxEdge.uexp" 45
"../../../Engine/Content/VREditor/TransformGizmo/Main.uasset" 46
"../../../Engine/Content/VREditor/TransformGizmo/Main.uexp" 47
"../../../Engine/Content/VREditor/TransformGizmo/Xray.uasset" 48
"../../../Engine/Content/VREditor/TransformGizmo/Xray.uexp" 49
"../../../Engine/Content/VREditor/TransformGizmo/SM_Sequencer_Node.ubulk" 50
"../../../Engine/Content/VREditor/TransformGizmo/SM_Sequencer_Node.uasset" 51
"../../../Engine/Content/VREditor/TransformGizmo/SM_Sequencer_Node.uexp" 52
"../../../Engine/Content/EditorMaterials/Camera/CineMat.uasset" 53
"../../../Engine/Content/EditorMaterials/Camera/CineMat.uexp" 54
"../../../Engine/Content/EditorMaterials/Camera/MI_CineMat_Rig.uasset" 55
"../../../Engine/Content/EditorMaterials/Camera/MI_CineMat_Rig.uexp" 56
"../../../Engine/Content/EditorMeshes/Camera/SM_CraneRig_Base.ubulk" 57
"../../../Engine/Content/EditorMeshes/Camera/SM_CraneRig_Base.uasset" 58
"../../../Engine/Content/EditorMeshes/Camera/SM_CraneRig_Base.uexp" 59
"../../../Engine/Content/EditorMeshes/Camera/SM_CraneRig_Arm.ubulk" 60
"../../../Engine/Content/EditorMeshes/Camera/SM_CraneRig_Arm.uasset" 61
"../../../Engine/Content/EditorMeshes/Camera/SM_CraneRig_Arm.uexp" 62
"../../../Engine/Content/EditorMeshes/Camera/SM_CraneRig_Mount.ubulk" 63
"../../../Engine/Content/EditorMeshes/Camera/SM_CraneRig_Mount.uasset" 64
"../../../Engine/Content/EditorMeshes/Camera/SM_CraneRig_Mount.uexp" 65
"../../../Engine/Content/EditorMeshes/Camera/SM_CraneRig_Body.ubulk" 66
"../../../Engine/Content/EditorMeshes/Camera/SM_CraneRig_Body.uasset" 67
"../../../Engine/Content/EditorMeshes/Camera/SM_CraneRig_Body.uexp" 68
"../../../Engine/Content/EditorMeshes/Camera/SM_RailRig_Track.ubulk" 69
"../../../Engine/Content/EditorMeshes/Camera/SM_RailRig_Track.uasset" 70
"../../../Engine/Content/EditorMeshes/Camera/SM_RailRig_Track.uexp" 71
"../../../Engine/Content/EditorMeshes/Camera/SM_RailRig_Mount.ubulk" 72
"../../../Engine/Content/EditorMeshes/Camera/SM_RailRig_Mount.uasset" 73
"../../../Engine/Content/EditorMeshes/Camera/SM_RailRig_Mount.uexp" 74
"../../../Engine/Content/EngineMaterials/T_Default_Material_Grid_M.ubulk" 75
"../../../Engine/Content/EngineMaterials/T_Default_Material_Grid_M.uasset" 76
"../../../Engine/Content/EngineMaterials/T_Default_Material_Grid_M.uexp" 77
"../../../Engine/Content/EngineMaterials/T_Default_Material_Grid_N.ubulk" 78
"../../../Engine/Content/EngineMaterials/T_Default_Material_Grid_N.uasset" 79
"../../../Engine/Content/EngineMaterials/T_Default_Material_Grid_N.uexp" 80
"../../../Engine/Content/Functions/Engine_MaterialFunctions01/Opacity/CameraDepthFade.uasset" 81
"../../../Engine/Content/Functions/Engine_MaterialFunctions01/Opacity/CameraDepthFade.uexp" 82
"../../../Engine/Content/EngineMaterials/WorldGridMaterial.uasset" 83
"../../../Engine/Content/EngineMaterials/WorldGridMaterial.uexp" 84
"../../../Engine/Content/ArtTools/RenderToTexture/Meshes/S_1_Unit_Plane.ubulk" 85
"../../../Engine/Content/ArtTools/RenderToTexture/Meshes/S_1_Unit_Plane.uasset" 86
"../../../Engine/Content/ArtTools/RenderToTexture/Meshes/S_1_Unit_Plane.uexp" 87
"../../../Engine/Content/EditorMaterials/ParticleSystems/PSysThumbnail_NoImage.ubulk" 88
"../../../Engine/Content/EditorMaterials/ParticleSystems/PSysThumbnail_NoImage.uasset" 89
"../../../Engine/Content/EditorMaterials/ParticleSystems/PSysThumbnail_NoImage.uexp" 90
"../../../Engine/Content/EditorMaterials/ParticleSystems/PSysThumbnail_OOD.ubulk" 91
"../../../Engine/Content/EditorMaterials/ParticleSystems/PSysThumbnail_OOD.uasset" 92
"../../../Engine/Content/EditorMaterials/ParticleSystems/PSysThumbnail_OOD.uexp" 93
"../../../Engine/Content/EditorLandscapeResources/SplineEditorMeshMat.uasset" 94
"../../../Engine/Content/EditorLandscapeResources/SplineEditorMeshMat.uexp" 95
"../../../Engine/Content/EditorLandscapeResources/SplineEditorMesh.ubulk" 96
"../../../Engine/Content/EditorLandscapeResources/SplineEditorMesh.uasset" 97
"../../../Engine/Content/EditorLandscapeResources/SplineEditorMesh.uexp" 98
"../../../Engine/Content/EditorResources/S_Solver.ubulk" 99
"../../../Engine/Content/EditorResources/S_Solver.uasset" 100
"../../../Engine/Content/EditorResources/S_Solver.uexp" 101
"../../../Engine/Plugins/Media/MediaPlate/Content/SM_MediaPlateScreen.ubulk" 102
"../../../Engine/Plugins/Media/MediaPlate/Content/SM_MediaPlateScreen.uasset" 103
"../../../Engine/Plugins/Media/MediaPlate/Content/SM_MediaPlateScreen.uexp" 104
"../../../Engine/Content/EngineMaterials/Good64x64TilingNoiseHighFreq.uasset" 105
"../../../Engine/Content/EngineMaterials/Good64x64TilingNoiseHighFreq.uexp" 106
"../../../Engine/Content/EngineMaterials/DefaultBokeh.uasset" 107
"../../../Engine/Content/EngineMaterials/DefaultBokeh.uexp" 108
"../../../Engine/Content/EngineMaterials/PreintegratedSkinBRDF.uasset" 109
"../../../Engine/Content/EngineMaterials/PreintegratedSkinBRDF.uexp" 110
"../../../Engine/Content/EngineMaterials/MiniFont.uasset" 111
"../../../Engine/Content/EngineMaterials/MiniFont.uexp" 112
"../../../Engine/Content/EngineMaterials/WeightMapPlaceholderTexture.uasset" 113
"../../../Engine/Content/EngineMaterials/WeightMapPlaceholderTexture.uexp" 114
"../../../Engine/Content/EngineMaterials/DefaultWhiteGrid.ubulk" 115
"../../../Engine/Content/EngineMaterials/DefaultWhiteGrid.uasset" 116
"../../../Engine/Content/EngineMaterials/DefaultWhiteGrid.uexp" 117
"../../../Engine/Plugins/2D/Paper2D/Content/PlaceholderTextures/DummySpriteTexture.ubulk" 118
"../../../Engine/Plugins/2D/Paper2D/Content/PlaceholderTextures/DummySpriteTexture.uasset" 119
"../../../Engine/Plugins/2D/Paper2D/Content/PlaceholderTextures/DummySpriteTexture.uexp" 120
"../../../Engine/Plugins/2D/Paper2D/Content/DefaultSpriteMaterial.uasset" 121
"../../../Engine/Plugins/2D/Paper2D/Content/DefaultSpriteMaterial.uexp" 122
"../../../Engine/Plugins/2D/Paper2D/Content/OpaqueUnlitSpriteMaterial.uasset" 123
"../../../Engine/Plugins/2D/Paper2D/Content/OpaqueUnlitSpriteMaterial.uexp" 124
"../../../Engine/Plugins/2D/Paper2D/Content/MaskedUnlitSpriteMaterial.uasset" 125
"../../../Engine/Plugins/2D/Paper2D/Content/MaskedUnlitSpriteMaterial.uexp" 126
"../../../Engine/Plugins/2D/Paper2D/Content/DummySprite.uasset" 127
"../../../Engine/Plugins/2D/Paper2D/Content/DummySprite.uexp" 128
"../../../Engine/Plugins/2D/Paper2D/Content/DefaultPaperTerrainMaterial.uasset" 129
"../../../Engine/Plugins/2D/Paper2D/Content/DefaultPaperTerrainMaterial.uexp" 130
"../../../Engine/Content/Functions/Engine_MaterialFunctions02/WorldPositionOffset/CameraOffset.uasset" 131
"../../../Engine/Content/Functions/Engine_MaterialFunctions02/WorldPositionOffset/CameraOffset.uexp" 132
"../../../Engine/Plugins/Animation/ControlRig/Content/M_Manip.uasset" 133
"../../../Engine/Plugins/Animation/ControlRig/Content/M_Manip.uexp" 134
"../../../Engine/Content/Animation/DefaultRecorderBoneCompression.uasset" 135
"../../../Engine/Content/Animation/DefaultRecorderBoneCompression.uexp" 136
"../../../Engine/Content/Animation/DefaultAnimCurveCompressionSettings.uasset" 137
"../../../Engine/Content/Animation/DefaultAnimCurveCompressionSettings.uexp" 138
"../../../Engine/Content/Animation/DefaultAnimBoneCompressionSettings.uasset" 139
"../../../Engine/Content/Animation/DefaultAnimBoneCompressionSettings.uexp" 140
"../../../Engine/Plugins/Animation/ControlRig/Content/Controls/DefaultGizmoLibraryNormalized.uasset" 141
"../../../Engine/Plugins/Animation/ControlRig/Content/Controls/DefaultGizmoLibraryNormalized.uexp" 142
"../../../Engine/Plugins/Animation/ControlRig/Content/Controls/ControlRig_Wedge_solid.ubulk" 143
"../../../Engine/Plugins/Animation/ControlRig/Content/Controls/ControlRig_Wedge_solid.uasset" 144
"../../../Engine/Plugins/Animation/ControlRig/Content/Controls/ControlRig_Wedge_solid.uexp" 145
"../../../Engine/Plugins/Animation/ControlRig/Content/Controls/ControlRig_Wedge_3mm.ubulk" 146
"../../../Engine/Plugins/Animation/ControlRig/Content/Controls/ControlRig_Wedge_3mm.uasset" 147
"../../../Engine/Plugins/Animation/ControlRig/Content/Controls/ControlRig_Wedge_3mm.uexp" 148
"../../../Engine/Plugins/Animation/ControlRig/Content/Controls/ControlRig_Wedge_1mm.ubulk" 149
"../../../Engine/Plugins/Animation/ControlRig/Content/Controls/ControlRig_Wedge_1mm.uasset" 150
"../../../Engine/Plugins/Animation/ControlRig/Content/Controls/ControlRig_Wedge_1mm.uexp" 151
"../../../Engine/Plugins/Animation/ControlRig/Content/Controls/ControlRig_Triangle_solid.ubulk" 152
"../../../Engine/Plugins/Animation/ControlRig/Content/Controls/ControlRig_Triangle_solid.uasset" 153
"../../../Engine/Plugins/Animation/ControlRig/Content/Controls/ControlRig_Triangle_solid.uexp" 154
"../../../Engine/Plugins/Animation/ControlRig/Content/Controls/ControlRig_Triangle_3mm.ubulk" 155
"../../../Engine/Plugins/Animation/ControlRig/Content/Controls/ControlRig_Triangle_3mm.uasset" 156
"../../../Engine/Plugins/Animation/ControlRig/Content/Controls/ControlRig_Triangle_3mm.uexp" 157
"../../../Engine/Plugins/Animation/ControlRig/Content/Controls/ControlRig_Triangle_1mm.ubulk" 158
"../../../Engine/Plugins/Animation/ControlRig/Content/Controls/ControlRig_Triangle_1mm.uasset" 159
"../../../Engine/Plugins/Animation/ControlRig/Content/Controls/ControlRig_Triangle_1mm.uexp" 160
"../../../Engine/Plugins/Animation/ControlRig/Content/Controls/ControlRig_Star4_solid.ubulk" 161
"../../../Engine/Plugins/Animation/ControlRig/Content/Controls/ControlRig_Star4_solid.uasset" 162
"../../../Engine/Plugins/Animation/ControlRig/Content/Controls/ControlRig_Star4_solid.uexp" 163
"../../../Engine/Plugins/Animation/ControlRig/Content/Controls/ControlRig_Star4_3mm.ubulk" 164
"../../../Engine/Plugins/Animation/ControlRig/Content/Controls/ControlRig_Star4_3mm.uasset" 165
"../../../Engine/Plugins/Animation/ControlRig/Content/Controls/ControlRig_Star4_3mm.uexp" 166
"../../../Engine/Plugins/Animation/ControlRig/Content/Controls/ControlRig_Star4_1mm.ubulk" 167
"../../../Engine/Plugins/Animation/ControlRig/Content/Controls/ControlRig_Star4_1mm.uasset" 168
"../../../Engine/Plugins/Animation/ControlRig/Content/Controls/ControlRig_Star4_1mm.uexp" 169
"../../../Engine/Plugins/Animation/ControlRig/Content/Controls/ControlRig_Square_solid.ubulk" 170
"../../../Engine/Plugins/Animation/ControlRig/Content/Controls/ControlRig_Square_solid.uasset" 171
"../../../Engine/Plugins/Animation/ControlRig/Content/Controls/ControlRig_Square_solid.uexp" 172
"../../../Engine/Plugins/Animation/ControlRig/Content/Controls/ControlRig_Square_3mm.ubulk" 173
"../../../Engine/Plugins/Animation/ControlRig/Content/Controls/ControlRig_Square_3mm.uasset" 174
"../../../Engine/Plugins/Animation/ControlRig/Content/Controls/ControlRig_Square_3mm.uexp" 175
"../../../Engine/Plugins/Animation/ControlRig/Content/Controls/ControlRig_Square_1mm.ubulk" 176
"../../../Engine/Plugins/Animation/ControlRig/Content/Controls/ControlRig_Square_1mm.uasset" 177
"../../../Engine/Plugins/Animation/ControlRig/Content/Controls/ControlRig_Square_1mm.uexp" 178
"../../../Engine/Plugins/Animation/ControlRig/Content/Controls/ControlRig_Sphere_solid.ubulk" 179
"../../../Engine/Plugins/Animation/ControlRig/Content/Controls/ControlRig_Sphere_solid.uasset" 180
"../../../Engine/Plugins/Animation/ControlRig/Content/Controls/ControlRig_Sphere_solid.uexp" 181
"../../../Engine/Plugins/Runtime/MeshModelingToolset/Content/Materials/M_DynamicMeshComponentVtxColor.uasset" 182
"../../../Engine/Plugins/Runtime/MeshModelingToolset/Content/Materials/M_DynamicMeshComponentVtxColor.uexp" 183
"../../../Engine/Plugins/Interchange/Runtime/Content/Pipelines/DefaultTexturePipeline.uasset" 184
"../../../Engine/Plugins/Interchange/Runtime/Content/Pipelines/DefaultTexturePipeline.uexp" 185
"../../../Engine/Plugins/Interchange/Runtime/Content/Pipelines/DefaultSceneLevelPipeline.uasset" 186
"../../../Engine/Plugins/Interchange/Runtime/Content/Pipelines/DefaultSceneLevelPipeline.uexp" 187
"../../../Engine/Plugins/Interchange/Runtime/Content/Pipelines/DefaultSceneAssetsPipeline.uasset" 188
"../../../Engine/Plugins/Interchange/Runtime/Content/Pipelines/DefaultSceneAssetsPipeline.uexp" 189
"../../../Engine/Plugins/Interchange/Runtime/Content/Pipelines/DefaultMaterialPipeline.uasset" 190
"../../../Engine/Plugins/Interchange/Runtime/Content/Pipelines/DefaultMaterialPipeline.uexp" 191
"../../../Engine/Plugins/Interchange/Runtime/Content/Pipelines/DefaultAssetsPipeline.uasset" 192
"../../../Engine/Plugins/Interchange/Runtime/Content/Pipelines/DefaultAssetsPipeline.uexp" 193
"../../../Engine/Plugins/Editor/SpeedTreeImporter/Content/SpeedTree9/game_wind_noise.ubulk" 194
"../../../Engine/Plugins/Editor/SpeedTreeImporter/Content/SpeedTree9/game_wind_noise.uasset" 195
"../../../Engine/Plugins/Editor/SpeedTreeImporter/Content/SpeedTree9/game_wind_noise.uexp" 196
"../../../Engine/Plugins/Editor/SpeedTreeImporter/Content/SpeedTree9/UnpackDirection.uasset" 197
"../../../Engine/Plugins/Editor/SpeedTreeImporter/Content/SpeedTree9/UnpackDirection.uexp" 198
"../../../Engine/Content/Functions/Engine_MaterialFunctions02/ObjectLocalBounds.uasset" 199
"../../../Engine/Content/Functions/Engine_MaterialFunctions02/ObjectLocalBounds.uexp" 200
"../../../Engine/Content/Functions/Engine_MaterialFunctions02/Utility/BreakOutFloat3Components.uasset" 201
"../../../Engine/Content/Functions/Engine_MaterialFunctions02/Utility/BreakOutFloat3Components.uexp" 202
"../../../Engine/Content/Functions/Engine_MaterialFunctions02/UVs/BoundingBoxBased_0-1_UVW.uasset" 203
"../../../Engine/Content/Functions/Engine_MaterialFunctions02/UVs/BoundingBoxBased_0-1_UVW.uexp" 204
"../../../Engine/Content/Functions/Engine_MaterialFunctions02/Utility/VectorLength.uasset" 205
"../../../Engine/Content/Functions/Engine_MaterialFunctions02/Utility/VectorLength.uexp" 206
"../../../Engine/Plugins/Editor/SpeedTreeImporter/Content/SpeedTree9/UnpackInteger3.uasset" 207
"../../../Engine/Plugins/Editor/SpeedTreeImporter/Content/SpeedTree9/UnpackInteger3.uexp" 208
"../../../Engine/Plugins/Editor/SpeedTreeImporter/Content/SpeedTree9/SpeedTreeCameraFacing.uasset" 209
"../../../Engine/Plugins/Editor/SpeedTreeImporter/Content/SpeedTree9/SpeedTreeCameraFacing.uexp" 210
"../../../Engine/Content/Functions/Engine_MaterialFunctions02/WorldPositionOffset/ObjectScale.uasset" 211
"../../../Engine/Content/Functions/Engine_MaterialFunctions02/WorldPositionOffset/ObjectScale.uexp" 212
"../../../Engine/Content/Functions/Engine_MaterialFunctions02/SafeNormalize.uasset" 213
"../../../Engine/Content/Functions/Engine_MaterialFunctions02/SafeNormalize.uexp" 214
"../../../Engine/Plugins/Editor/SpeedTreeImporter/Content/SpeedTree9/SpeedTreeWindMotion.uasset" 215
"../../../Engine/Plugins/Editor/SpeedTreeImporter/Content/SpeedTree9/SpeedTreeWindMotion.uexp" 216
"../../../Engine/Plugins/Editor/SpeedTreeImporter/Content/SpeedTree9/SpeedTreeBranchMotion.uasset" 217
"../../../Engine/Plugins/Editor/SpeedTreeImporter/Content/SpeedTree9/SpeedTreeBranchMotion.uexp" 218
"../../../Engine/Plugins/Editor/SpeedTreeImporter/Content/SpeedTree9/SpeedTreeWind.uasset" 219
"../../../Engine/Plugins/Editor/SpeedTreeImporter/Content/SpeedTree9/SpeedTreeWind.uexp" 220
"../../../Engine/Plugins/Editor/SpeedTreeImporter/Content/SpeedTree9/EmptyNormal.uasset" 221
"../../../Engine/Plugins/Editor/SpeedTreeImporter/Content/SpeedTree9/EmptyNormal.uexp" 222
"../../../Engine/Plugins/Editor/SpeedTreeImporter/Content/SpeedTree9/Empty.uasset" 223
"../../../Engine/Plugins/Editor/SpeedTreeImporter/Content/SpeedTree9/Empty.uexp" 224
"../../../Engine/Plugins/Editor/SpeedTreeImporter/Content/SpeedTree9/SpeedTreeMaster.uasset" 225
"../../../Engine/Plugins/Editor/SpeedTreeImporter/Content/SpeedTree9/SpeedTreeMaster.uexp" 226
"../../../Engine/Plugins/Editor/SpeedTreeImporter/Content/SpeedTree9/SpeedTreeBillboard.uasset" 227
"../../../Engine/Plugins/Editor/SpeedTreeImporter/Content/SpeedTree9/SpeedTreeBillboard.uexp" 228
"../../../Engine/Plugins/Editor/SpeedTreeImporter/Content/SpeedTree9/SpeedTreeBillboardMaster.uasset" 229
"../../../Engine/Plugins/Editor/SpeedTreeImporter/Content/SpeedTree9/SpeedTreeBillboardMaster.uexp" 230
"../../../Engine/Plugins/Animation/ControlRig/Content/Controls/ControlRig_Sphere_3mm.ubulk" 231
"../../../Engine/Plugins/Animation/ControlRig/Content/Controls/ControlRig_Sphere_3mm.uasset" 232
"../../../Engine/Plugins/Animation/ControlRig/Content/Controls/ControlRig_Sphere_3mm.uexp" 233
"../../../Engine/Plugins/Animation/ControlRig/Content/Controls/ControlRig_Sphere_1mm.ubulk" 234
"../../../Engine/Plugins/Animation/ControlRig/Content/Controls/ControlRig_Sphere_1mm.uasset" 235
"../../../Engine/Plugins/Animation/ControlRig/Content/Controls/ControlRig_Sphere_1mm.uexp" 236
"../../../Engine/Plugins/Animation/ControlRig/Content/Controls/ControlRig_RoundedTriangle_solid.ubulk" 237
"../../../Engine/Plugins/Animation/ControlRig/Content/Controls/ControlRig_RoundedTriangle_solid.uasset" 238
"../../../Engine/Plugins/Animation/ControlRig/Content/Controls/ControlRig_RoundedTriangle_solid.uexp" 239
"../../../Engine/Plugins/Animation/ControlRig/Content/Controls/ControlRig_RoundedTriangle_3mm.ubulk" 240
"../../../Engine/Plugins/Animation/ControlRig/Content/Controls/ControlRig_RoundedTriangle_3mm.uasset" 241
"../../../Engine/Plugins/Animation/ControlRig/Content/Controls/ControlRig_RoundedTriangle_3mm.uexp" 242
"../../../Engine/Plugins/Animation/ControlRig/Content/Controls/ControlRig_RoundedTriangle_1mm.ubulk" 243
"../../../Engine/Plugins/Animation/ControlRig/Content/Controls/ControlRig_RoundedTriangle_1mm.uasset" 244
"../../../Engine/Plugins/Animation/ControlRig/Content/Controls/ControlRig_RoundedTriangle_1mm.uexp" 245
"../../../Engine/Plugins/Animation/ControlRig/Content/Controls/ControlRig_RoundedSquare_solid.ubulk" 246
"../../../Engine/Plugins/Animation/ControlRig/Content/Controls/ControlRig_RoundedSquare_solid.uasset" 247
"../../../Engine/Plugins/Animation/ControlRig/Content/Controls/ControlRig_RoundedSquare_solid.uexp" 248
"../../../Engine/Plugins/Animation/ControlRig/Content/Controls/ControlRig_RoundedSquare_3mm.ubulk" 249
"../../../Engine/Plugins/Animation/ControlRig/Content/Controls/ControlRig_RoundedSquare_3mm.uasset" 250
"../../../Engine/Plugins/Animation/ControlRig/Content/Controls/ControlRig_RoundedSquare_3mm.uexp" 251
"../../../Engine/Plugins/Animation/ControlRig/Content/Controls/ControlRig_RoundedSquare_1mm.ubulk" 252
"../../../Engine/Plugins/Animation/ControlRig/Content/Controls/ControlRig_RoundedSquare_1mm.uasset" 253
"../../../Engine/Plugins/Animation/ControlRig/Content/Controls/ControlRig_RoundedSquare_1mm.uexp" 254
"../../../Engine/Plugins/Animation/ControlRig/Content/Controls/ControlRig_QuarterCircle_solid.ubulk" 255
"../../../Engine/Plugins/Animation/ControlRig/Content/Controls/ControlRig_QuarterCircle_solid.uasset" 256
"../../../Engine/Plugins/Animation/ControlRig/Content/Controls/ControlRig_QuarterCircle_solid.uexp" 257
"../../../Engine/Plugins/Animation/ControlRig/Content/Controls/ControlRig_QuarterCircle_3mm.ubulk" 258
"../../../Engine/Plugins/Animation/ControlRig/Content/Controls/ControlRig_QuarterCircle_3mm.uasset" 259
"../../../Engine/Plugins/Animation/ControlRig/Content/Controls/ControlRig_QuarterCircle_3mm.uexp" 260
"../../../Engine/Plugins/Animation/ControlRig/Content/Controls/ControlRig_QuarterCircle_1mm.ubulk" 261
"../../../Engine/Plugins/Animation/ControlRig/Content/Controls/ControlRig_QuarterCircle_1mm.uasset" 262
"../../../Engine/Plugins/Animation/ControlRig/Content/Controls/ControlRig_QuarterCircle_1mm.uexp" 263
"../../../Engine/Plugins/Animation/ControlRig/Content/Controls/ControlRig_Pyramid_solid.ubulk" 264
"../../../Engine/Plugins/Animation/ControlRig/Content/Controls/ControlRig_Pyramid_solid.uasset" 265
"../../../Engine/Plugins/Animation/ControlRig/Content/Controls/ControlRig_Pyramid_solid.uexp" 266
"../../../Engine/Plugins/Animation/ControlRig/Content/Controls/ControlRig_Pyramid_3mm.ubulk" 267
"../../../Engine/Plugins/Animation/ControlRig/Content/Controls/ControlRig_Pyramid_3mm.uasset" 268
"../../../Engine/Plugins/Animation/ControlRig/Content/Controls/ControlRig_Pyramid_3mm.uexp" 269
"../../../Engine/Plugins/Animation/ControlRig/Content/Controls/ControlRig_Pyramid_1mm.ubulk" 270
"../../../Engine/Plugins/Animation/ControlRig/Content/Controls/ControlRig_Pyramid_1mm.uasset" 271
"../../../Engine/Plugins/Animation/ControlRig/Content/Controls/ControlRig_Pyramid_1mm.uexp" 272
"../../../Engine/Plugins/Animation/ControlRig/Content/Controls/ControlRig_Octagon_solid.ubulk" 273
"../../../Engine/Plugins/Animation/ControlRig/Content/Controls/ControlRig_Octagon_solid.uasset" 274
"../../../Engine/Plugins/Animation/ControlRig/Content/Controls/ControlRig_Octagon_solid.uexp" 275
"../../../Engine/Plugins/Animation/ControlRig/Content/Controls/ControlRig_Octagon_3mm.ubulk" 276
"../../../Engine/Plugins/Animation/ControlRig/Content/Controls/ControlRig_Octagon_3mm.uasset" 277
"../../../Engine/Plugins/Animation/ControlRig/Content/Controls/ControlRig_Octagon_3mm.uexp" 278
"../../../Engine/Plugins/Animation/ControlRig/Content/Controls/ControlRig_Octagon_1mm.ubulk" 279
"../../../Engine/Plugins/Animation/ControlRig/Content/Controls/ControlRig_Octagon_1mm.uasset" 280
"../../../Engine/Plugins/Animation/ControlRig/Content/Controls/ControlRig_Octagon_1mm.uexp" 281
"../../../Engine/Plugins/Animation/ControlRig/Content/Controls/ControlRig_Hexagon_solid.ubulk" 282
"../../../Engine/Plugins/Animation/ControlRig/Content/Controls/ControlRig_Hexagon_solid.uasset" 283
"../../../Engine/Plugins/Animation/ControlRig/Content/Controls/ControlRig_Hexagon_solid.uexp" 284
"../../../Engine/Plugins/Animation/ControlRig/Content/Controls/ControlRig_Hexagon_3mm.ubulk" 285
"../../../Engine/Plugins/Animation/ControlRig/Content/Controls/ControlRig_Hexagon_3mm.uasset" 286
"../../../Engine/Plugins/Animation/ControlRig/Content/Controls/ControlRig_Hexagon_3mm.uexp" 287
"../../../Engine/Plugins/Animation/ControlRig/Content/Controls/ControlRig_Hexagon_1mm.ubulk" 288
"../../../Engine/Plugins/Animation/ControlRig/Content/Controls/ControlRig_Hexagon_1mm.uasset" 289
"../../../Engine/Plugins/Animation/ControlRig/Content/Controls/ControlRig_Hexagon_1mm.uexp" 290
"../../../Engine/Plugins/Animation/ControlRig/Content/Controls/ControlRig_HalfCircle_solid.ubulk" 291
"../../../Engine/Plugins/Animation/ControlRig/Content/Controls/ControlRig_HalfCircle_solid.uasset" 292
"../../../Engine/Plugins/Animation/ControlRig/Content/Controls/ControlRig_HalfCircle_solid.uexp" 293
"../../../Engine/Plugins/Animation/ControlRig/Content/Controls/ControlRig_HalfCircle_3mm.ubulk" 294
"../../../Engine/Plugins/Animation/ControlRig/Content/Controls/ControlRig_HalfCircle_3mm.uasset" 295
"../../../Engine/Plugins/Animation/ControlRig/Content/Controls/ControlRig_HalfCircle_3mm.uexp" 296
"../../../Engine/Plugins/Animation/ControlRig/Content/Controls/ControlRig_HalfCircle_1mm.ubulk" 297
"../../../Engine/Plugins/Animation/ControlRig/Content/Controls/ControlRig_HalfCircle_1mm.uasset" 298
"../../../Engine/Plugins/Animation/ControlRig/Content/Controls/ControlRig_HalfCircle_1mm.uexp" 299
"../../../Engine/Plugins/Animation/ControlRig/Content/Controls/ControlRig_Diamond_solid.ubulk" 300
"../../../Engine/Plugins/Animation/ControlRig/Content/Controls/ControlRig_Diamond_solid.uasset" 301
"../../../Engine/Plugins/Animation/ControlRig/Content/Controls/ControlRig_Diamond_solid.uexp" 302
"../../../Engine/Plugins/Animation/ControlRig/Content/Controls/ControlRig_Diamond_3mm.ubulk" 303
"../../../Engine/Plugins/Animation/ControlRig/Content/Controls/ControlRig_Diamond_3mm.uasset" 304
"../../../Engine/Plugins/Animation/ControlRig/Content/Controls/ControlRig_Diamond_3mm.uexp" 305
"../../../Engine/Plugins/Animation/ControlRig/Content/Controls/ControlRig_Diamond_1mm.ubulk" 306
"../../../Engine/Plugins/Animation/ControlRig/Content/Controls/ControlRig_Diamond_1mm.uasset" 307
"../../../Engine/Plugins/Animation/ControlRig/Content/Controls/ControlRig_Diamond_1mm.uexp" 308
"../../../Engine/Plugins/Animation/ControlRig/Content/Controls/ControlRig_Circle_solid.ubulk" 309
"../../../Engine/Plugins/Animation/ControlRig/Content/Controls/ControlRig_Circle_solid.uasset" 310
"../../../Engine/Plugins/Animation/ControlRig/Content/Controls/ControlRig_Circle_solid.uexp" 311
"../../../Engine/Plugins/Animation/ControlRig/Content/Controls/ControlRig_Circle_3mm.ubulk" 312
"../../../Engine/Plugins/Animation/ControlRig/Content/Controls/ControlRig_Circle_3mm.uasset" 313
"../../../Engine/Plugins/Animation/ControlRig/Content/Controls/ControlRig_Circle_3mm.uexp" 314
"../../../Engine/Plugins/Animation/ControlRig/Content/Controls/ControlRig_Circle_1mm.ubulk" 315
"../../../Engine/Plugins/Animation/ControlRig/Content/Controls/ControlRig_Circle_1mm.uasset" 316
"../../../Engine/Plugins/Animation/ControlRig/Content/Controls/ControlRig_Circle_1mm.uexp" 317
"../../../Engine/Plugins/Animation/ControlRig/Content/Controls/ControlRig_Box_solid.ubulk" 318
"../../../Engine/Plugins/Animation/ControlRig/Content/Controls/ControlRig_Box_solid.uasset" 319
"../../../Engine/Plugins/Animation/ControlRig/Content/Controls/ControlRig_Box_solid.uexp" 320
"../../../Engine/Plugins/Animation/ControlRig/Content/Controls/ControlRig_Box_3mm.ubulk" 321
"../../../Engine/Plugins/Animation/ControlRig/Content/Controls/ControlRig_Box_3mm.uasset" 322
"../../../Engine/Plugins/Animation/ControlRig/Content/Controls/ControlRig_Box_3mm.uexp" 323
"../../../Engine/Plugins/Animation/ControlRig/Content/Controls/ControlRig_Box_1mm.ubulk" 324
"../../../Engine/Plugins/Animation/ControlRig/Content/Controls/ControlRig_Box_1mm.uasset" 325
"../../../Engine/Plugins/Animation/ControlRig/Content/Controls/ControlRig_Box_1mm.uexp" 326
"../../../Engine/Plugins/Animation/ControlRig/Content/Controls/ControlRig_Arrow_solid.ubulk" 327
"../../../Engine/Plugins/Animation/ControlRig/Content/Controls/ControlRig_Arrow_solid.uasset" 328
"../../../Engine/Plugins/Animation/ControlRig/Content/Controls/ControlRig_Arrow_solid.uexp" 329
"../../../Engine/Plugins/Animation/ControlRig/Content/Controls/ControlRig_Arrow_3mm.ubulk" 330
"../../../Engine/Plugins/Animation/ControlRig/Content/Controls/ControlRig_Arrow_3mm.uasset" 331
"../../../Engine/Plugins/Animation/ControlRig/Content/Controls/ControlRig_Arrow_3mm.uexp" 332
"../../../Engine/Plugins/Animation/ControlRig/Content/Controls/ControlRig_Arrow_1mm.ubulk" 333
"../../../Engine/Plugins/Animation/ControlRig/Content/Controls/ControlRig_Arrow_1mm.uasset" 334
"../../../Engine/Plugins/Animation/ControlRig/Content/Controls/ControlRig_Arrow_1mm.uexp" 335
"../../../Engine/Plugins/Animation/ControlRig/Content/Controls/ControlRig_Arrow4_solid.ubulk" 336
"../../../Engine/Plugins/Animation/ControlRig/Content/Controls/ControlRig_Arrow4_solid.uasset" 337
"../../../Engine/Plugins/Animation/ControlRig/Content/Controls/ControlRig_Arrow4_solid.uexp" 338
"../../../Engine/Plugins/Animation/ControlRig/Content/Controls/ControlRig_Arrow4_3mm.ubulk" 339
"../../../Engine/Plugins/Animation/ControlRig/Content/Controls/ControlRig_Arrow4_3mm.uasset" 340
"../../../Engine/Plugins/Animation/ControlRig/Content/Controls/ControlRig_Arrow4_3mm.uexp" 341
"../../../Engine/Plugins/Animation/ControlRig/Content/Controls/ControlRig_Arrow4_1mm.ubulk" 342
"../../../Engine/Plugins/Animation/ControlRig/Content/Controls/ControlRig_Arrow4_1mm.uasset" 343
"../../../Engine/Plugins/Animation/ControlRig/Content/Controls/ControlRig_Arrow4_1mm.uexp" 344
"../../../Engine/Plugins/Animation/ControlRig/Content/Controls/ControlRig_Arrow2_solid.ubulk" 345
"../../../Engine/Plugins/Animation/ControlRig/Content/Controls/ControlRig_Arrow2_solid.uasset" 346
"../../../Engine/Plugins/Animation/ControlRig/Content/Controls/ControlRig_Arrow2_solid.uexp" 347
"../../../Engine/Plugins/Animation/ControlRig/Content/Controls/ControlRig_Arrow2_3mm.ubulk" 348
"../../../Engine/Plugins/Animation/ControlRig/Content/Controls/ControlRig_Arrow2_3mm.uasset" 349
"../../../Engine/Plugins/Animation/ControlRig/Content/Controls/ControlRig_Arrow2_3mm.uexp" 350
"../../../Engine/Plugins/Animation/ControlRig/Content/Controls/ControlRig_Arrow2_1mm.ubulk" 351
"../../../Engine/Plugins/Animation/ControlRig/Content/Controls/ControlRig_Arrow2_1mm.uasset" 352
"../../../Engine/Plugins/Animation/ControlRig/Content/Controls/ControlRig_Arrow2_1mm.uexp" 353
"../../../Engine/Plugins/Animation/ControlRig/Content/Controls/ControlRigXRayMaterial.uasset" 354
"../../../Engine/Plugins/Animation/ControlRig/Content/Controls/ControlRigXRayMaterial.uexp" 355
"../../../Engine/Plugins/Animation/ControlRig/Content/Controls/ControlRigGizmoMaterial.uasset" 356
"../../../Engine/Plugins/Animation/ControlRig/Content/Controls/ControlRigGizmoMaterial.uexp" 357
"../../../Engine/Content/EngineSounds/Master.uasset" 358
"../../../Engine/Content/EngineSounds/Master.uexp" 359
"../../../Engine/Content/EngineSky/T_Sky_Stars.ubulk" 360
"../../../Engine/Content/EngineSky/T_Sky_Stars.uasset" 361
"../../../Engine/Content/EngineSky/T_Sky_Stars.uexp" 362
"../../../Engine/Content/EngineSky/T_Sky_Clouds_M.ubulk" 363
"../../../Engine/Content/EngineSky/T_Sky_Clouds_M.uasset" 364
"../../../Engine/Content/EngineSky/T_Sky_Clouds_M.uexp" 365
"../../../Engine/Content/EngineSky/T_Sky_Blue.ubulk" 366
"../../../Engine/Content/EngineSky/T_Sky_Blue.uasset" 367
"../../../Engine/Content/EngineSky/T_Sky_Blue.uexp" 368
"../../../Engine/Content/EngineSky/M_Sky_Panning_Clouds2.uasset" 369
"../../../Engine/Content/EngineSky/M_Sky_Panning_Clouds2.uexp" 370
"../../../Engine/Content/EngineSky/SM_SkySphere.ubulk" 371
"../../../Engine/Content/EngineSky/SM_SkySphere.uasset" 372
"../../../Engine/Content/EngineSky/SM_SkySphere.uexp" 373
"../../../Engine/Content/EngineSky/M_SimpleSkyDome.uasset" 374
"../../../Engine/Content/EngineSky/M_SimpleSkyDome.uexp" 375
"../../../Engine/Content/EngineResources/WhiteSquareTexture.uasset" 376
"../../../Engine/Content/EngineResources/WhiteSquareTexture.uexp" 377
"../../../Engine/Content/EngineMaterials/Widget3DPassThrough.uasset" 378
"../../../Engine/Content/EngineMaterials/Widget3DPassThrough.uexp" 379
"../../../Engine/Content/EngineMaterials/Widget3DPassThrough_Translucent.uasset" 380
"../../../Engine/Content/EngineMaterials/Widget3DPassThrough_Translucent.uexp" 381
"../../../Engine/Content/EngineMaterials/Widget3DPassThrough_Translucent_OneSided.uasset" 382
"../../../Engine/Content/EngineMaterials/Widget3DPassThrough_Translucent_OneSided.uexp" 383
"../../../Engine/Content/EngineMaterials/Widget3DPassThrough_Opaque.uasset" 384
"../../../Engine/Content/EngineMaterials/Widget3DPassThrough_Opaque.uexp" 385
"../../../Engine/Content/EngineMaterials/Widget3DPassThrough_Opaque_OneSided.uasset" 386
"../../../Engine/Content/EngineMaterials/Widget3DPassThrough_Opaque_OneSided.uexp" 387
"../../../Engine/Content/EngineMaterials/Widget3DPassThrough_Masked_OneSided.uasset" 388
"../../../Engine/Content/EngineMaterials/Widget3DPassThrough_Masked_OneSided.uexp" 389
"../../../Engine/Content/EngineMaterials/Widget3DPassThrough_Masked.uasset" 390
"../../../Engine/Content/EngineMaterials/Widget3DPassThrough_Masked.uexp" 391
"../../../Engine/Content/EngineMaterials/STBlueNoise_vec2_128x128x64.uasset" 392
"../../../Engine/Content/EngineMaterials/STBlueNoise_vec2_128x128x64.uexp" 393
"../../../Engine/Content/EngineMaterials/STBlueNoise_scalar_128x128x64.uasset" 394
"../../../Engine/Content/EngineMaterials/STBlueNoise_scalar_128x128x64.uexp" 395
"../../../Engine/Content/EngineMaterials/RemoveSurfaceMaterial.uasset" 396
"../../../Engine/Content/EngineMaterials/RemoveSurfaceMaterial.uexp" 397
"../../../Engine/Content/EngineMaterials/DefaultCalibrationGrayscale.uasset" 398
"../../../Engine/Content/EngineMaterials/DefaultCalibrationGrayscale.uexp" 399
"../../../Engine/Content/EngineMaterials/PPM_DefaultCalibrationGrayscale.uasset" 400
"../../../Engine/Content/EngineMaterials/PPM_DefaultCalibrationGrayscale.uexp" 401
"../../../Engine/Content/EngineMaterials/DefaultCalibrationColor.uasset" 402
"../../../Engine/Content/EngineMaterials/DefaultCalibrationColor.uexp" 403
"../../../Engine/Content/EngineMaterials/PPM_DefaultCalibrationColor.uasset" 404
"../../../Engine/Content/EngineMaterials/PPM_DefaultCalibrationColor.uexp" 405
"../../../Engine/Content/EngineMaterials/PhAT_JointLimitMaterial.uasset" 406
"../../../Engine/Content/EngineMaterials/PhAT_JointLimitMaterial.uexp" 407
"../../../Engine/Content/EngineMaterials/NaniteHiddenSectionMaterial.uasset" 408
"../../../Engine/Content/EngineMaterials/NaniteHiddenSectionMaterial.uexp" 409
"../../../Engine/Content/EngineMaterials/InvalidLightmapSettings.ubulk" 410
"../../../Engine/Content/EngineMaterials/InvalidLightmapSettings.uasset" 411
"../../../Engine/Content/EngineMaterials/InvalidLightmapSettings.uexp" 412
"../../../Engine/Content/EngineMaterials/M_InvalidLightmapSettings.uasset" 413
"../../../Engine/Content/EngineMaterials/M_InvalidLightmapSettings.uexp" 414
"../../../Engine/Content/EngineMaterials/GizmoMaterial.uasset" 415
"../../../Engine/Content/EngineMaterials/GizmoMaterial.uexp" 416
"../../../Engine/Content/EngineMaterials/BaseFlattenEmissiveMap_VT.uasset" 417
"../../../Engine/Content/EngineMaterials/BaseFlattenEmissiveMap_VT.uexp" 418
"../../../Engine/Content/EngineMaterials/BaseFlattenGrayscaleMap_VT.uasset" 419
"../../../Engine/Content/EngineMaterials/BaseFlattenGrayscaleMap_VT.uexp" 420
"../../../Engine/Content/EngineMaterials/BaseFlattenLinearColor_VT.uasset" 421
"../../../Engine/Content/EngineMaterials/BaseFlattenLinearColor_VT.uexp" 422
"../../../Engine/Content/EngineMaterials/Black_1x1_EXR_Texture_VT.uasset" 423
"../../../Engine/Content/EngineMaterials/Black_1x1_EXR_Texture_VT.uexp" 424
"../../../Engine/Content/EngineMaterials/BaseFlattenDiffuseMap_VT.uasset" 425
"../../../Engine/Content/EngineMaterials/BaseFlattenDiffuseMap_VT.uexp" 426
"../../../Engine/Content/EngineMaterials/BaseFlattenNormalMap_VT.uasset" 427
"../../../Engine/Content/EngineMaterials/BaseFlattenNormalMap_VT.uexp" 428
"../../../Engine/Content/EngineMaterials/FlattenMaterial_WS_Normal_VT.uasset" 429
"../../../Engine/Content/EngineMaterials/FlattenMaterial_WS_Normal_VT.uexp" 430
"../../../Engine/Content/EngineMaterials/FlattenMaterial_VT.uasset" 431
"../../../Engine/Content/EngineMaterials/FlattenMaterial_VT.uexp" 432
"../../../Engine/Content/EngineMaterials/BaseFlattenNormalMap.uasset" 433
"../../../Engine/Content/EngineMaterials/BaseFlattenNormalMap.uexp" 434
"../../../Engine/Content/EngineMaterials/BaseFlattenGrayscaleMap.uasset" 435
"../../../Engine/Content/EngineMaterials/BaseFlattenGrayscaleMap.uexp" 436
"../../../Engine/Content/EngineMaterials/BaseFlattenDiffuseMap.uasset" 437
"../../../Engine/Content/EngineMaterials/BaseFlattenDiffuseMap.uexp" 438
"../../../Engine/Content/Functions/Engine_MaterialFunctions02/PivotPainter2/Black_1x1_EXR_Texture.uasset" 439
"../../../Engine/Content/Functions/Engine_MaterialFunctions02/PivotPainter2/Black_1x1_EXR_Texture.uexp" 440
"../../../Engine/Content/EngineMaterials/BaseFlattenEmissiveMap.uasset" 441
"../../../Engine/Content/EngineMaterials/BaseFlattenEmissiveMap.uexp" 442
"../../../Engine/Content/EngineMaterials/BaseFlattenLinearColor.uasset" 443
"../../../Engine/Content/EngineMaterials/BaseFlattenLinearColor.uexp" 444
"../../../Engine/Content/EngineMaterials/FlattenMaterial.uasset" 445
"../../../Engine/Content/EngineMaterials/FlattenMaterial.uexp" 446
"../../../Engine/Content/EngineMaterials/DefaultWhiteGrid_Low.uasset" 447
"../../../Engine/Content/EngineMaterials/DefaultWhiteGrid_Low.uexp" 448
"../../../Engine/Content/EngineMaterials/EmissiveMeshMaterial.uasset" 449
"../../../Engine/Content/EngineMaterials/EmissiveMeshMaterial.uexp" 450
"../../../Engine/Content/EngineFonts/RobotoDistanceField.uasset" 451
"../../../Engine/Content/EngineFonts/RobotoDistanceField.uexp" 452
"../../../Engine/Content/EngineMaterials/DefaultTextMaterialOpaque.uasset" 453
"../../../Engine/Content/EngineMaterials/DefaultTextMaterialOpaque.uexp" 454
"../../../Engine/Content/EngineMaterials/DefaultDiffuse.ubulk" 455
"../../../Engine/Content/EngineMaterials/DefaultDiffuse.uasset" 456
"../../../Engine/Content/EngineMaterials/DefaultDiffuse.uexp" 457
"../../../Engine/Content/Functions/Engine_MaterialFunctions02/Utility/BreakOutFloat2Components.uasset" 458
"../../../Engine/Content/Functions/Engine_MaterialFunctions02/Utility/BreakOutFloat2Components.uexp" 459
"../../../Engine/Content/EngineMaterials/DefaultPostProcessMaterial.uasset" 460
"../../../Engine/Content/EngineMaterials/DefaultPostProcessMaterial.uexp" 461
"../../../Engine/Content/EngineMaterials/DefaultPhysicalMaterial.uasset" 462
"../../../Engine/Content/EngineMaterials/DefaultPhysicalMaterial.uexp" 463
"../../../Engine/Content/EngineMaterials/DefaultLightFunctionMaterial.uasset" 464
"../../../Engine/Content/EngineMaterials/DefaultLightFunctionMaterial.uexp" 465
"../../../Engine/Content/EngineMaterials/DefaultDestructiblePhysicalMaterial.uasset" 466
"../../../Engine/Content/EngineMaterials/DefaultDestructiblePhysicalMaterial.uexp" 467
"../../../Engine/Content/EngineMaterials/DefaultDeferredDecalMaterial.uasset" 468
"../../../Engine/Content/EngineMaterials/DefaultDeferredDecalMaterial.uexp" 469
"../../../Engine/Content/EngineMaterials/DefaultBloomKernel.uasset" 470
"../../../Engine/Content/EngineMaterials/DefaultBloomKernel.uexp" 471
"../../../Engine/Content/EngineFonts/Faces/RobotoLight.uexp" 472
"../../../Engine/Content/EngineFonts/Faces/RobotoLight.uasset" 473
"../../../Engine/Content/EngineFonts/Faces/RobotoLight.ufont" 474
"../../../Engine/Content/EngineFonts/Faces/RobotoBold.uexp" 475
"../../../Engine/Content/EngineFonts/Faces/RobotoBold.uasset" 476
"../../../Engine/Content/EngineFonts/Faces/RobotoBold.ufont" 477
"../../../Engine/Content/EngineFonts/Faces/RobotoRegular.uexp" 478
"../../../Engine/Content/EngineFonts/Faces/RobotoRegular.uasset" 479
"../../../Engine/Content/EngineFonts/Faces/RobotoRegular.ufont" 480
"../../../Engine/Content/EngineFonts/Faces/DroidSansFallback.uexp" 481
"../../../Engine/Content/EngineFonts/Faces/DroidSansFallback.uasset" 482
"../../../Engine/Content/EngineFonts/Faces/DroidSansFallback.ufont" 483
"../../../Engine/Content/EngineFonts/Faces/RobotoItalic.uexp" 484
"../../../Engine/Content/EngineFonts/Faces/RobotoItalic.uasset" 485
"../../../Engine/Content/EngineFonts/Faces/RobotoItalic.ufont" 486
"../../../Engine/Content/EngineFonts/Faces/RobotoBoldItalic.uexp" 487
"../../../Engine/Content/EngineFonts/Faces/RobotoBoldItalic.uasset" 488
"../../../Engine/Content/EngineFonts/Faces/RobotoBoldItalic.ufont" 489
"../../../Engine/Content/EngineFonts/Roboto.uasset" 490
"../../../Engine/Content/EngineFonts/Roboto.uexp" 491
"../../../Engine/Content/Functions/Engine_MaterialFunctions02/Utility/CameraDirectionVector.uasset" 492
"../../../Engine/Content/Functions/Engine_MaterialFunctions02/Utility/CameraDirectionVector.uexp" 493
"../../../Engine/Content/EngineDebugMaterials/VolumeToRender.uasset" 494
"../../../Engine/Content/EngineDebugMaterials/VolumeToRender.uexp" 495
"../../../Engine/Content/EngineDebugMaterials/M_VolumeRenderSphereTracePP.uasset" 496
"../../../Engine/Content/EngineDebugMaterials/M_VolumeRenderSphereTracePP.uexp" 497
"../../../Engine/Content/EngineDebugMaterials/M_SimpleUnlitTranslucent.uasset" 498
"../../../Engine/Content/EngineDebugMaterials/M_SimpleUnlitTranslucent.uexp" 499
"../../../Engine/Content/EngineDebugMaterials/DebugMeshMaterial.uasset" 500
"../../../Engine/Content/EngineDebugMaterials/DebugMeshMaterial.uexp" 501
"../../../Engine/Content/EngineDebugMaterials/DebugEditorMaterial.uasset" 502
"../../../Engine/Content/EngineDebugMaterials/DebugEditorMaterial.uexp" 503
"../../../Engine/Content/EngineDamageTypes/DmgTypeBP_Environmental.uasset" 504
"../../../Engine/Content/EngineDamageTypes/DmgTypeBP_Environmental.uexp" 505
"../../../Engine/Content/EditorResources/S_Terrain.ubulk" 506
"../../../Engine/Content/EditorResources/S_Terrain.uasset" 507
"../../../Engine/Content/EditorResources/S_Terrain.uexp" 508
"../../../Engine/Content/EditorResources/EmptyActor.uasset" 509
"../../../Engine/Content/EditorResources/EmptyActor.uexp" 510
"../../../Engine/Content/EditorResources/BSPVertex.uasset" 511
"../../../Engine/Content/EditorResources/BSPVertex.uexp" 512
"../../../Engine/Content/EditorMaterials/PreviewShadowIndicator.ubulk" 513
"../../../Engine/Content/EditorMaterials/PreviewShadowIndicator.uasset" 514
"../../../Engine/Content/EditorMaterials/PreviewShadowIndicator.uexp" 515
"../../../Engine/Content/EditorMaterials/PreviewShadowIndicatorMaterial.uasset" 516
"../../../Engine/Content/EditorMaterials/PreviewShadowIndicatorMaterial.uexp" 517
"../../../Engine/Content/EditorMaterials/PhAT_UnselectedMaterial.uasset" 518
"../../../Engine/Content/EditorMaterials/PhAT_UnselectedMaterial.uexp" 519
"../../../Engine/Content/EditorMaterials/PhAT_NoCollisionMaterial.uasset" 520
"../../../Engine/Content/EditorMaterials/PhAT_NoCollisionMaterial.uexp" 521
"../../../Engine/Content/EditorLandscapeResources/DefaultAlphaTexture.uasset" 522
"../../../Engine/Content/EditorLandscapeResources/DefaultAlphaTexture.uexp" 523
"../../../Engine/Content/EditorLandscapeResources/DataLayer.uasset" 524
"../../../Engine/Content/EditorLandscapeResources/DataLayer.uexp" 525
"../../../Engine/Content/BasicShapes/Plane.ubulk" 526
"../../../Engine/Content/BasicShapes/Plane.uasset" 527
"../../../Engine/Content/BasicShapes/Plane.uexp" 528
"../../../Engine/Content/EngineMaterials/DefaultMaterial.uasset" 529
"../../../Engine/Content/EngineMaterials/DefaultMaterial.uexp" 530
"../../../Engine/Content/BasicShapes/Cylinder.ubulk" 531
"../../../Engine/Content/BasicShapes/Cylinder.uasset" 532
"../../../Engine/Content/BasicShapes/Cylinder.uexp" 533
"../../../Engine/Content/BasicShapes/Cone.ubulk" 534
"../../../Engine/Content/BasicShapes/Cone.uasset" 535
"../../../Engine/Content/BasicShapes/Cone.uexp" 536
"E:/IT/Unreal Projects/Skillbox/CWork_2/Content/MyGame/Levels/FirstLevel_HLOD0_Instancing.uasset" 537
"E:/IT/Unreal Projects/Skillbox/CWork_2/Content/MyGame/Levels/FirstLevel_HLOD0_Instancing.uexp" 538
"E:/IT/Unreal Projects/Skillbox/CWork_2/Content/MyGame/Blueprints/BP_KillZone.uasset" 539
"E:/IT/Unreal Projects/Skillbox/CWork_2/Content/MyGame/Blueprints/BP_KillZone.uexp" 540
"../../../Engine/Content/EditorMaterials/WidgetMaterial_Z.uasset" 541
"../../../Engine/Content/EditorMaterials/WidgetMaterial_Z.uexp" 542
"../../../Engine/Content/BasicShapes/Cube.ubulk" 543
"../../../Engine/Content/BasicShapes/Cube.uasset" 544
"../../../Engine/Content/BasicShapes/Cube.uexp" 545
"../../../Engine/Content/MapTemplates/Sky/T_Sky_Stars.ubulk" 546
"../../../Engine/Content/MapTemplates/Sky/T_Sky_Stars.uasset" 547
"../../../Engine/Content/MapTemplates/Sky/T_Sky_Stars.uexp" 548
"../../../Engine/Content/MapTemplates/Sky/T_UDK_Sky_CloudMask01_N.ubulk" 549
"../../../Engine/Content/MapTemplates/Sky/T_UDK_Sky_CloudMask01_N.uasset" 550
"../../../Engine/Content/MapTemplates/Sky/T_UDK_Sky_CloudMask01_N.uexp" 551
"../../../Engine/Content/MapTemplates/T_UDK_Sky_CloudMask03.ubulk" 552
"../../../Engine/Content/MapTemplates/T_UDK_Sky_CloudMask03.uasset" 553
"../../../Engine/Content/MapTemplates/T_UDK_Sky_CloudMask03.uexp" 554
"../../../Engine/Content/MapTemplates/Sky/M_Procedural_Sky_MASTER02.uasset" 555
"../../../Engine/Content/MapTemplates/Sky/M_Procedural_Sky_MASTER02.uexp" 556
"../../../Engine/Content/MapTemplates/Sky/M_Procedural_Sky_Afternoon.uasset" 557
"../../../Engine/Content/MapTemplates/Sky/M_Procedural_Sky_Afternoon.uexp" 558
"../../../Engine/Content/EditorMaterials/Cloth/CameraLitDoubleSided.uasset" 559
"../../../Engine/Content/EditorMaterials/Cloth/CameraLitDoubleSided.uexp" 560
"../../../Engine/Content/BasicShapes/Sphere.ubulk" 561
"../../../Engine/Content/BasicShapes/Sphere.uasset" 562
"../../../Engine/Content/BasicShapes/Sphere.uexp" 563
"../../../Engine/Content/MapTemplates/Materials/BasicAsset01.uasset" 564
"../../../Engine/Content/MapTemplates/Materials/BasicAsset01.uexp" 565
"E:/IT/Unreal Projects/Skillbox/CWork_2/Content/MyGame/Blueprints/BP_Ball.uasset" 566
"E:/IT/Unreal Projects/Skillbox/CWork_2/Content/MyGame/Blueprints/BP_Ball.uexp" 567
"../../../Engine/Content/EditorBlueprintResources/StandardMacros.uasset" 568
"../../../Engine/Content/EditorBlueprintResources/StandardMacros.uexp" 569
"E:/IT/Unreal Projects/Skillbox/CWork_2/Content/MyGame/Blueprints/BP_Block_Parent.uasset" 570
"E:/IT/Unreal Projects/Skillbox/CWork_2/Content/MyGame/Blueprints/BP_Block_Parent.uexp" 571
"E:/IT/Unreal Projects/Skillbox/CWork_2/Content/MyGame/Materials/Pics/bonus.uasset" 572
"E:/IT/Unreal Projects/Skillbox/CWork_2/Content/MyGame/Materials/Pics/bonus.uexp" 573
"E:/IT/Unreal Projects/Skillbox/CWork_2/Content/MyGame/Materials/M_Color_Bonus.uasset" 574
"E:/IT/Unreal Projects/Skillbox/CWork_2/Content/MyGame/Materials/M_Color_Bonus.uexp" 575
"E:/IT/Unreal Projects/Skillbox/CWork_2/Content/MyGame/Blueprints/Bonuses/E_BonusType.uasset" 576
"E:/IT/Unreal Projects/Skillbox/CWork_2/Content/MyGame/Blueprints/Bonuses/E_BonusType.uexp" 577
"E:/IT/Unreal Projects/Skillbox/CWork_2/Content/MyGame/Blueprints/Bonuses/BP_Bonuses.uasset" 578
"E:/IT/Unreal Projects/Skillbox/CWork_2/Content/MyGame/Blueprints/Bonuses/BP_Bonuses.uexp" 579
"E:/IT/Unreal Projects/Skillbox/CWork_2/Content/MyGame/Blueprints/BP_Block_Child.uasset" 580
"E:/IT/Unreal Projects/Skillbox/CWork_2/Content/MyGame/Blueprints/BP_Block_Child.uexp" 581
"E:/IT/Unreal Projects/Skillbox/CWork_2/Content/MyGame/Blueprints/BP_BlockGenerator.uasset" 582
"E:/IT/Unreal Projects/Skillbox/CWork_2/Content/MyGame/Blueprints/BP_BlockGenerator.uexp" 583
"../../../Engine/Content/MobileResources/HUD/VirtualJoystick_Background.uasset" 584
"../../../Engine/Content/MobileResources/HUD/VirtualJoystick_Background.uexp" 585
"../../../Engine/Content/MobileResources/HUD/VirtualJoystick_Thumb.uasset" 586
"../../../Engine/Content/MobileResources/HUD/VirtualJoystick_Thumb.uexp" 587
"../../../Engine/Content/MobileResources/HUD/DefaultVirtualJoysticks.uasset" 588
"../../../Engine/Content/MobileResources/HUD/DefaultVirtualJoysticks.uexp" 589
"../../../Engine/Content/Functions/Engine_MaterialFunctions01/Shading/ConvertFromDiffSpec.uasset" 590
"../../../Engine/Content/Functions/Engine_MaterialFunctions01/Shading/ConvertFromDiffSpec.uexp" 591
"../../../Engine/Content/EngineMaterials/DefaultNormal.ubulk" 592
"../../../Engine/Content/EngineMaterials/DefaultNormal.uasset" 593
"../../../Engine/Content/EngineMaterials/DefaultNormal.uexp" 594
"../../../Engine/Content/MaterialTemplates/VertexAnimation/AdvancedFlag.uasset" 595
"../../../Engine/Content/MaterialTemplates/VertexAnimation/AdvancedFlag.uexp" 596
"../../../Engine/Content/MapTemplates/Materials/BasicAsset02.uasset" 597
"../../../Engine/Content/MapTemplates/Materials/BasicAsset02.uexp" 598
"../../../Engine/Content/EngineSky/VolumetricClouds/CloudWeatherTexture.uasset" 599
"../../../Engine/Content/EngineSky/VolumetricClouds/CloudWeatherTexture.uexp" 600
"../../../Engine/Content/Functions/Engine_MaterialFunctions02/Utility/MakeFloat2.uasset" 601
"../../../Engine/Content/Functions/Engine_MaterialFunctions02/Utility/MakeFloat2.uexp" 602
"../../../Engine/Content/EngineSky/VolumetricClouds/CloudGradientTexture.uasset" 603
"../../../Engine/Content/EngineSky/VolumetricClouds/CloudGradientTexture.uexp" 604
"../../../Engine/Content/EngineSky/VolumetricClouds/T_NoiseShape64.ubulk" 605
"../../../Engine/Content/EngineSky/VolumetricClouds/T_NoiseShape64.uasset" 606
"../../../Engine/Content/EngineSky/VolumetricClouds/T_NoiseShape64.uexp" 607
"../../../Engine/Content/EngineSky/VolumetricClouds/T_VolumeNoiseShape64.uasset" 608
"../../../Engine/Content/EngineSky/VolumetricClouds/T_VolumeNoiseShape64.uexp" 609
"../../../Engine/Content/EngineSky/VolumetricClouds/T_NoiseErosion.ubulk" 610
"../../../Engine/Content/EngineSky/VolumetricClouds/T_NoiseErosion.uasset" 611
"../../../Engine/Content/EngineSky/VolumetricClouds/T_NoiseErosion.uexp" 612
"../../../Engine/Content/EngineSky/VolumetricClouds/T_VolumeNoiseErosion32.uasset" 613
"../../../Engine/Content/EngineSky/VolumetricClouds/T_VolumeNoiseErosion32.uexp" 614
"../../../Engine/Content/EngineSky/VolumetricClouds/m_SimpleVolumetricCloud.uasset" 615
"../../../Engine/Content/EngineSky/VolumetricClouds/m_SimpleVolumetricCloud.uexp" 616
"../../../Engine/Content/EngineSky/VolumetricClouds/m_SimpleVolumetricCloud_Inst.uasset" 617
"../../../Engine/Content/EngineSky/VolumetricClouds/m_SimpleVolumetricCloud_Inst.uexp" 618
"../../../Engine/Content/EngineResources/FilmGrains/Marcie_Grain_v3_128_M2_000.uasset" 619
"../../../Engine/Content/EngineResources/FilmGrains/Marcie_Grain_v3_128_M2_000.uexp" 620
"../../../Engine/Content/EditorResources/SequenceRecorder/RecordingIndicator.uasset" 621
"../../../Engine/Content/EditorResources/SequenceRecorder/RecordingIndicator.uexp" 622
"../../../Engine/Content/EditorResources/SequenceRecorder/Countdown.uasset" 623
"../../../Engine/Content/EditorResources/SequenceRecorder/Countdown.uexp" 624
"E:/IT/Unreal Projects/Skillbox/CWork_2/Content/MyGame/Materials/Pics/wood.uasset" 625
"E:/IT/Unreal Projects/Skillbox/CWork_2/Content/MyGame/Materials/Pics/wood.uexp" 626
"E:/IT/Unreal Projects/Skillbox/CWork_2/Content/MyGame/Materials/M_ColorPlatform.uasset" 627
"E:/IT/Unreal Projects/Skillbox/CWork_2/Content/MyGame/Materials/M_ColorPlatform.uexp" 628
"../../../Engine/Content/MapTemplates/Materials/BasicAsset03.uasset" 629
"../../../Engine/Content/MapTemplates/Materials/BasicAsset03.uexp" 630
"E:/IT/Unreal Projects/Skillbox/CWork_2/Content/MyGame/Blueprints/BP_Platform.uasset" 631
"E:/IT/Unreal Projects/Skillbox/CWork_2/Content/MyGame/Blueprints/BP_Platform.uexp" 632
"E:/IT/Unreal Projects/Skillbox/CWork_2/Content/MyGame/Blueprints/Core/BP_MyGameInstance.uasset" 633
"E:/IT/Unreal Projects/Skillbox/CWork_2/Content/MyGame/Blueprints/Core/BP_MyGameInstance.uexp" 634
"../../../Engine/Content/Functions/Engine_MaterialFunctions01/Shading/PowerToRoughness.uasset" 635
"../../../Engine/Content/Functions/Engine_MaterialFunctions01/Shading/PowerToRoughness.uexp" 636
"../../../Engine/Content/Maps/Entry_BuiltData.uasset" 637
"../../../Engine/Content/Maps/Entry_BuiltData.uexp" 638
"../../../Engine/Content/Maps/Entry.uexp" 639
"../../../Engine/Content/Maps/Entry.umap" 640
"E:/IT/Unreal Projects/Skillbox/CWork_2/Content/MyGame/Blueprints/UI/BP_HUD.uasset" 641
"E:/IT/Unreal Projects/Skillbox/CWork_2/Content/MyGame/Blueprints/UI/BP_HUD.uexp" 642
"E:/IT/Unreal Projects/Skillbox/CWork_2/Content/MyGame/Blueprints/Core/BP_MyPlayerController.uasset" 643
"E:/IT/Unreal Projects/Skillbox/CWork_2/Content/MyGame/Blueprints/Core/BP_MyPlayerController.uexp" 644
"E:/IT/Unreal Projects/Skillbox/CWork_2/Content/MyGame/Blueprints/Core/BP_MyGameMode.uasset" 645
"E:/IT/Unreal Projects/Skillbox/CWork_2/Content/MyGame/Blueprints/Core/BP_MyGameMode.uexp" 646
"E:/IT/Unreal Projects/Skillbox/CWork_2/Content/MyGame/Levels/Level_1.uexp" 647
"E:/IT/Unreal Projects/Skillbox/CWork_2/Content/MyGame/Levels/Level_1.umap" 648
"E:/IT/Unreal Projects/Skillbox/CWork_2/Content/MyGame/Levels/Level_1/_Generated_/Level_1_MainGrid_L0_X0_Y0.uexp" 649
"E:/IT/Unreal Projects/Skillbox/CWork_2/Content/MyGame/Levels/Level_1/_Generated_/Level_1_MainGrid_L0_X0_Y0.umap" 650
